<?xml version="1.0" encoding="UTF-8"?>
<!-- Generated by org.testng.reporters.JUnitReportReporter -->
<testsuite hostname="chmounika-sa" failures="0" tests="2" name="com.xamplify.automation.Login" time="26.381" errors="0" timestamp="2022-06-27T18:48:52 IST" skipped="0">
  <testcase classname="com.xamplify.automation.Login" name="Openingthebrowser" time="16.956"/>
  <system-out/>
  <testcase classname="com.xamplify.automation.Login" name="Signinprocess" time="9.425"/>
  <system-out/>
</testsuite> <!-- com.xamplify.automation.Login -->
